<?xml version="1.0" encoding="UTF-8"?>
<testsuite name="com.soj.principle.openclosed.CalculationTest" tests="1" skipped="0" failures="0" errors="0" timestamp="2022-02-11T16:14:37" hostname="DESKTOP-H3C67DB" time="0.618">
  <properties/>
  <testcase name="testToCalculateTheAreas()" classname="com.soj.principle.openclosed.CalculationTest" time="0.618"/>
  <system-out><![CDATA[]]></system-out>
  <system-err><![CDATA[]]></system-err>
</testsuite>
