<?xml version="1.0" encoding="UTF-8"?>
<testsuite name="com.soj.principle.openclosed.SquareTest" tests="1" skipped="0" failures="0" errors="0" timestamp="2022-02-11T16:14:38" hostname="DESKTOP-H3C67DB" time="0.0">
  <properties/>
  <testcase name="testToGetAreaOfSquare()" classname="com.soj.principle.openclosed.SquareTest" time="0.0"/>
  <system-out><![CDATA[]]></system-out>
  <system-err><![CDATA[]]></system-err>
</testsuite>
